app/build/outputs/logs/manifest-merger-release-report.txt
-- Merging decision tree log ---
manifest
ADDED from src\main\AndroidManifest.xml:2:1-107:12
INJECTED from src\main\AndroidManifest.xml:2:1-107:12
INJECTED from src\main\AndroidManifest.xml:2:1-107:12
INJECTED from src\main\AndroidManifest.xml:2:1-107:12
MERGED from [com.android.support:design:28.0.0] AndroidManifest.xml:17:1-24:12
MERGED from [com.android.support:appcompat-v7:28.0.0] AndroidManifest.xml:17:1-22:12
MERGED from [com.android.support.constraint:constraint-layout:1.1.3] AndroidManifest.xml:2:1-11:12
MERGED from [com.android.support:animated-vector-drawable:28.0.0] AndroidManifest.xml:17:1-22:12
MERGED from [com.android.support:support-vector-drawable:28.0.0] AndroidManifest.xml:17:1-22:12
MERGED from [com.android.support:support-v4:28.0.0] AndroidManifest.xml:17:1-22:12
MERGED from [com.github.dmytrodanylyk.circular-progress-button:library:1.1.3] AndroidManifest.xml:2:1-14:12
MERGED from [com.android.support:recyclerview-v7:28.0.0] AndroidManifest.xml:17:1-22:12
MERGED from [com.android.support:cardview-v7:28.0.0] AndroidManifest.xml:17:1-22:12
MERGED from [com.android.support:support-fragment:28.0.0] AndroidManifest.xml:17:1-22:12
MERGED from [com.android.support:support-core-ui:28.0.0] AndroidManifest.xml:17:1-22:12
MERGED from [com.android.support:support-core-utils:28.0.0] AndroidManifest.xml:17:1-22:12
MERGED from [com.android.support:transition:28.0.0] AndroidManifest.xml:17:1-22:12
MERGED from [com.android.support:support-media-compat:28.0.0] AndroidManifest.xml:17:1-22:12
MERGED from [com.android.support:loader:28.0.0] AndroidManifest.xml:17:1-22:12
MERGED from [com.android.support:viewpager:28.0.0] AndroidManifest.xml:17:1-22:12
MERGED from [com.android.support:coordinatorlayout:28.0.0] AndroidManifest.xml:17:1-22:12
MERGED from [com.android.support:drawerlayout:28.0.0] AndroidManifest.xml:17:1-22:12
MERGED from [com.android.support:slidingpanelayout:28.0.0] AndroidManifest.xml:17:1-22:12
MERGED from [com.android.support:customview:28.0.0] AndroidManifest.xml:17:1-22:12
MERGED from [com.android.support:swiperefreshlayout:28.0.0] AndroidManifest.xml:17:1-22:12
MERGED from [com.android.support:asynclayoutinflater:28.0.0] AndroidManifest.xml:17:1-22:12
MERGED from [com.android.support:support-compat:28.0.0] AndroidManifest.xml:17:1-24:12
MERGED from [com.android.support:versionedparcelable:28.0.0] AndroidManifest.xml:17:1-25:12
MERGED from [com.android.support:cursoradapter:28.0.0] AndroidManifest.xml:17:1-22:12
MERGED from [android.arch.lifecycle:runtime:1.1.1] AndroidManifest.xml:17:1-22:12
MERGED from [com.android.support:documentfile:28.0.0] AndroidManifest.xml:17:1-22:12
MERGED from [com.android.support:localbroadcastmanager:28.0.0] AndroidManifest.xml:17:1-22:12
MERGED from [com.android.support:print:28.0.0] AndroidManifest.xml:17:1-22:12
MERGED from [android.arch.lifecycle:viewmodel:1.1.1] AndroidManifest.xml:17:1-22:12
MERGED from [com.android.support:interpolator:28.0.0] AndroidManifest.xml:17:1-22:12
MERGED from [android.arch.lifecycle:livedata:1.1.1] AndroidManifest.xml:17:1-22:12
MERGED from [android.arch.lifecycle:livedata-core:1.1.1] AndroidManifest.xml:17:1-22:12
MERGED from [android.arch.core:runtime:1.1.1] AndroidManifest.xml:17:1-22:12
INJECTED from src\main\AndroidManifest.xml:2:1-107:12
INJECTED from src\main\AndroidManifest.xml:2:1-107:12
INJECTED from src\main\AndroidManifest.xml:2:1-107:12
	package
		ADDED from src\main\AndroidManifest.xml:4:5-48
		INJECTED from src\main\AndroidManifest.xml
		INJECTED from src\main\AndroidManifest.xml
	android:versionName
		INJECTED from src\main\AndroidManifest.xml
		ADDED from src\main\AndroidManifest.xml:2:1-107:12
		INJECTED from src\main\AndroidManifest.xml
	xmlns:tools
		ADDED from src\main\AndroidManifest.xml:3:5-51
	android:versionCode
		INJECTED from src\main\AndroidManifest.xml
		ADDED from src\main\AndroidManifest.xml:2:1-107:12
		INJECTED from src\main\AndroidManifest.xml
	xmlns:android
		ADDED from src\main\AndroidManifest.xml:2:11-69
uses-feature#android.hardware.fingerprint
ADDED from src\main\AndroidManifest.xml:6:5-8:36
	android:required
		ADDED from src\main\AndroidManifest.xml:8:9-33
	android:name
		ADDED from src\main\AndroidManifest.xml:7:9-52
uses-permission#android.permission.USE_FINGERPRINT
ADDED from src\main\AndroidManifest.xml:10:5-74
	android:name
		ADDED from src\main\AndroidManifest.xml:10:22-71
uses-permission#android.permission.UPDATE_DEVICE_STATS
ADDED from src\main\AndroidManifest.xml:11:5-13:47
	tools:ignore
		ADDED from src\main\AndroidManifest.xml:13:9-44
	android:name
		ADDED from src\main\AndroidManifest.xml:12:9-62
uses-permission#android.permission.CHANGE_WIFI_STATE
ADDED from src\main\AndroidManifest.xml:14:5-76
	android:name
		ADDED from src\main\AndroidManifest.xml:14:22-73
uses-permission#android.permission.CHANGE_WIFI_MULTICAST_STATE
ADDED from src\main\AndroidManifest.xml:15:5-86
	android:name
		ADDED from src\main\AndroidManifest.xml:15:22-83
uses-permission#android.permission.CHANGE_NETWORK_STATE
ADDED from src\main\AndroidManifest.xml:16:5-79
	android:name
		ADDED from src\main\AndroidManifest.xml:16:22-76
uses-permission#android.permission.ACCESS_WIFI_STATE
ADDED from src\main\AndroidManifest.xml:17:5-76
	android:name
		ADDED from src\main\AndroidManifest.xml:17:22-73
uses-permission#android.permission.ACCESS_NETWORK_STATE
ADDED from src\main\AndroidManifest.xml:18:5-79
	android:name
		ADDED from src\main\AndroidManifest.xml:18:22-76
uses-permission#android.permission.WAKE_LOCK
ADDED from src\main\AndroidManifest.xml:19:5-68
	android:name
		ADDED from src\main\AndroidManifest.xml:19:22-65
uses-permission#android.permission.WRITE_SETTINGS
ADDED from src\main\AndroidManifest.xml:20:5-22:47
	tools:ignore
		ADDED from src\main\AndroidManifest.xml:22:9-44
	android:name
		ADDED from src\main\AndroidManifest.xml:21:9-57
uses-permission#android.permission.INTERNET
ADDED from src\main\AndroidManifest.xml:23:5-67
	android:name
		ADDED from src\main\AndroidManifest.xml:23:22-64
uses-permission#android.permission.ACCESS_COARSE_LOCATION
ADDED from src\main\AndroidManifest.xml:24:5-81
	android:name
		ADDED from src\main\AndroidManifest.xml:24:22-78
uses-permission#android.permission.ACCESS_FINE_LOCATION
ADDED from src\main\AndroidManifest.xml:25:5-79
	android:name
		ADDED from src\main\AndroidManifest.xml:25:22-76
uses-permission#android.permission.VIBRATE
ADDED from src\main\AndroidManifest.xml:26:5-66
	android:name
		ADDED from src\main\AndroidManifest.xml:26:22-63
uses-permission#android.permission.READ_PHONE_STATE
ADDED from src\main\AndroidManifest.xml:35:5-75
	android:name
		ADDED from src\main\AndroidManifest.xml:35:22-72
uses-permission#com.google.android.gms.permission.ACTIVITY_RECOGNITION
ADDED from src\main\AndroidManifest.xml:36:5-94
	android:name
		ADDED from src\main\AndroidManifest.xml:36:22-91
uses-permission#android.permission.WRITE_EXTERNAL_STORAGE
ADDED from src\main\AndroidManifest.xml:39:5-81
	android:name
		ADDED from src\main\AndroidManifest.xml:39:22-78
uses-permission#android.permission.READ_EXTERNAL_STORAGE
ADDED from src\main\AndroidManifest.xml:40:5-80
	android:name
		ADDED from src\main\AndroidManifest.xml:40:22-77
uses-permission#android.permission.NETWORK_STACK
ADDED from src\main\AndroidManifest.xml:41:5-43:47
	tools:ignore
		ADDED from src\main\AndroidManifest.xml:43:9-44
	android:name
		ADDED from src\main\AndroidManifest.xml:42:9-56
uses-permission#android.permission.TETHER_PRIVILEGED
ADDED from src\main\AndroidManifest.xml:44:5-46:47
	tools:ignore
		ADDED from src\main\AndroidManifest.xml:46:9-44
	android:name
		ADDED from src\main\AndroidManifest.xml:45:9-60
application
ADDED from src\main\AndroidManifest.xml:48:5-105:19
MERGED from [com.android.support:design:28.0.0] AndroidManifest.xml:22:5-20
MERGED from [com.android.support:design:28.0.0] AndroidManifest.xml:22:5-20
MERGED from [com.android.support.constraint:constraint-layout:1.1.3] AndroidManifest.xml:9:5-20
MERGED from [com.android.support.constraint:constraint-layout:1.1.3] AndroidManifest.xml:9:5-20
MERGED from [com.github.dmytrodanylyk.circular-progress-button:library:1.1.3] AndroidManifest.xml:12:5-20
MERGED from [com.github.dmytrodanylyk.circular-progress-button:library:1.1.3] AndroidManifest.xml:12:5-20
MERGED from [com.android.support:support-compat:28.0.0] AndroidManifest.xml:22:5-94
MERGED from [com.android.support:support-compat:28.0.0] AndroidManifest.xml:22:5-94
MERGED from [com.android.support:versionedparcelable:28.0.0] AndroidManifest.xml:22:5-23:19
MERGED from [com.android.support:versionedparcelable:28.0.0] AndroidManifest.xml:22:5-23:19
	android:appComponentFactory
		ADDED from [com.android.support:support-compat:28.0.0] AndroidManifest.xml:22:18-91
	android:supportsRtl
		ADDED from src\main\AndroidManifest.xml:53:9-35
	android:label
		ADDED from src\main\AndroidManifest.xml:51:9-35
	tools:ignore
		ADDED from src\main\AndroidManifest.xml:55:9-60
	android:roundIcon
		ADDED from src\main\AndroidManifest.xml:52:9-54
	android:icon
		ADDED from src\main\AndroidManifest.xml:50:9-43
	android:allowBackup
		ADDED from src\main\AndroidManifest.xml:49:9-35
	android:theme
		ADDED from src\main\AndroidManifest.xml:54:9-40
activity#com.FingerPointEngg.abdul.test001.ButtonSettings
ADDED from src\main\AndroidManifest.xml:56:9-62:20
	android:theme
		ADDED from src\main\AndroidManifest.xml:58:13-58
	android:name
		ADDED from src\main\AndroidManifest.xml:57:13-76
intent-filter#action:name:android.intent.action.MAIN
ADDED from src\main\AndroidManifest.xml:59:13-61:29
action#android.intent.action.MAIN
ADDED from src\main\AndroidManifest.xml:60:17-69
	android:name
		ADDED from src\main\AndroidManifest.xml:60:25-66
activity#com.FingerPointEngg.abdul.test001.TimePicker
ADDED from src\main\AndroidManifest.xml:63:9-65:61
	android:theme
		ADDED from src\main\AndroidManifest.xml:65:13-58
	android:name
		ADDED from src\main\AndroidManifest.xml:64:13-72
activity#com.FingerPointEngg.abdul.test001.AddDevice
ADDED from src\main\AndroidManifest.xml:66:9-68:57
	android:theme
		ADDED from src\main\AndroidManifest.xml:68:13-54
	android:name
		ADDED from src\main\AndroidManifest.xml:67:13-71
activity#com.FingerPointEngg.abdul.test001.Add_secondary_user
ADDED from src\main\AndroidManifest.xml:69:9-71:57
	android:theme
		ADDED from src\main\AndroidManifest.xml:71:13-54
	android:name
		ADDED from src\main\AndroidManifest.xml:70:13-80
activity#com.FingerPointEngg.abdul.test001.TimePickerSche
ADDED from src\main\AndroidManifest.xml:72:9-74:61
	android:theme
		ADDED from src\main\AndroidManifest.xml:74:13-58
	android:name
		ADDED from src\main\AndroidManifest.xml:73:13-76
activity#com.FingerPointEngg.abdul.test001.BottomNav
ADDED from src\main\AndroidManifest.xml:75:9-77:65
	android:label
		ADDED from src\main\AndroidManifest.xml:77:13-62
	android:name
		ADDED from src\main\AndroidManifest.xml:76:13-71
service#com.FingerPointEngg.abdul.test001.timerService
ADDED from src\main\AndroidManifest.xml:79:9-82
	android:name
		ADDED from src\main\AndroidManifest.xml:79:18-79
activity#com.FingerPointEngg.abdul.test001.ModuleSelector
ADDED from src\main\AndroidManifest.xml:81:9-83:61
	android:theme
		ADDED from src\main\AndroidManifest.xml:83:13-58
	android:name
		ADDED from src\main\AndroidManifest.xml:82:13-76
activity#com.FingerPointEngg.abdul.test001.LoginActivity
ADDED from src\main\AndroidManifest.xml:84:9-93:20
	android:windowSoftInputMode
		ADDED from src\main\AndroidManifest.xml:87:13-55
	android:theme
		ADDED from src\main\AndroidManifest.xml:86:13-56
	android:name
		ADDED from src\main\AndroidManifest.xml:85:13-75
intent-filter#action:name:android.intent.action.MAIN+category:name:android.intent.category.LAUNCHER
ADDED from src\main\AndroidManifest.xml:88:13-92:29
category#android.intent.category.LAUNCHER
ADDED from src\main\AndroidManifest.xml:91:17-77
	android:name
		ADDED from src\main\AndroidManifest.xml:91:27-74
activity#com.FingerPointEngg.abdul.test001.RegisterActivity
ADDED from src\main\AndroidManifest.xml:94:9-96:59
	android:theme
		ADDED from src\main\AndroidManifest.xml:96:13-56
	android:name
		ADDED from src\main\AndroidManifest.xml:95:13-78
activity#com.FingerPointEngg.abdul.test001.DetailsActivity
ADDED from src\main\AndroidManifest.xml:97:9-86
	android:name
		ADDED from src\main\AndroidManifest.xml:97:19-83
activity#com.FingerPointEngg.abdul.test001.Smart_Controls
ADDED from src\main\AndroidManifest.xml:98:9-85
	android:name
		ADDED from src\main\AndroidManifest.xml:98:19-82
activity#com.FingerPointEngg.abdul.test001.Device_Settings
ADDED from src\main\AndroidManifest.xml:99:9-86
	android:name
		ADDED from src\main\AndroidManifest.xml:99:19-83
activity#com.FingerPointEngg.abdul.test001.Reset_Device
ADDED from src\main\AndroidManifest.xml:100:9-102:57
	android:theme
		ADDED from src\main\AndroidManifest.xml:102:13-54
	android:name
		ADDED from src\main\AndroidManifest.xml:101:13-74
activity#com.FingerPointEngg.abdul.test001.Parental_Lock
ADDED from src\main\AndroidManifest.xml:103:9-104:56
	android:theme
		ADDED from src\main\AndroidManifest.xml:104:13-54
	android:name
		ADDED from src\main\AndroidManifest.xml:103:19-81
uses-sdk
INJECTED from src\main\AndroidManifest.xml reason: use-sdk injection requested
INJECTED from src\main\AndroidManifest.xml
INJECTED from src\main\AndroidManifest.xml
MERGED from [com.android.support:design:28.0.0] AndroidManifest.xml:20:5-44
MERGED from [com.android.support:design:28.0.0] AndroidManifest.xml:20:5-44
MERGED from [com.android.support:appcompat-v7:28.0.0] AndroidManifest.xml:20:5-44
MERGED from [com.android.support:appcompat-v7:28.0.0] AndroidManifest.xml:20:5-44
MERGED from [com.android.support.constraint:constraint-layout:1.1.3] AndroidManifest.xml:5:5-7:41
MERGED from [com.android.support.constraint:constraint-layout:1.1.3] AndroidManifest.xml:5:5-7:41
MERGED from [com.android.support:animated-vector-drawable:28.0.0] AndroidManifest.xml:20:5-44
MERGED from [com.android.support:animated-vector-drawable:28.0.0] AndroidManifest.xml:20:5-44
MERGED from [com.android.support:support-vector-drawable:28.0.0] AndroidManifest.xml:20:5-44
MERGED from [com.android.support:support-vector-drawable:28.0.0] AndroidManifest.xml:20:5-44
MERGED from [com.android.support:support-v4:28.0.0] AndroidManifest.xml:20:5-44
MERGED from [com.android.support:support-v4:28.0.0] AndroidManifest.xml:20:5-44
MERGED from [com.github.dmytrodanylyk.circular-progress-button:library:1.1.3] AndroidManifest.xml:8:5-10:41
MERGED from [com.github.dmytrodanylyk.circular-progress-button:library:1.1.3] AndroidManifest.xml:8:5-10:41
MERGED from [com.android.support:recyclerview-v7:28.0.0] AndroidManifest.xml:20:5-44
MERGED from [com.android.support:recyclerview-v7:28.0.0] AndroidManifest.xml:20:5-44
MERGED from [com.android.support:cardview-v7:28.0.0] AndroidManifest.xml:20:5-44
MERGED from [com.android.support:cardview-v7:28.0.0] AndroidManifest.xml:20:5-44
MERGED from [com.android.support:support-fragment:28.0.0] AndroidManifest.xml:20:5-44
MERGED from [com.android.support:support-fragment:28.0.0] AndroidManifest.xml:20:5-44
MERGED from [com.android.support:support-core-ui:28.0.0] AndroidManifest.xml:20:5-44
MERGED from [com.android.support:support-core-ui:28.0.0] AndroidManifest.xml:20:5-44
MERGED from [com.android.support:support-core-utils:28.0.0] AndroidManifest.xml:20:5-44
MERGED from [com.android.support:support-core-utils:28.0.0] AndroidManifest.xml:20:5-44
MERGED from [com.android.support:transition:28.0.0] AndroidManifest.xml:20:5-44
MERGED from [com.android.support:transition:28.0.0] AndroidManifest.xml:20:5-44
MERGED from [com.android.support:support-media-compat:28.0.0] AndroidManifest.xml:20:5-44
MERGED from [com.android.support:support-media-compat:28.0.0] AndroidManifest.xml:20:5-44
MERGED from [com.android.support:loader:28.0.0] AndroidManifest.xml:20:5-44
MERGED from [com.android.support:loader:28.0.0] AndroidManifest.xml:20:5-44
MERGED from [com.android.support:viewpager:28.0.0] AndroidManifest.xml:20:5-44
MERGED from [com.android.support:viewpager:28.0.0] AndroidManifest.xml:20:5-44
MERGED from [com.android.support:coordinatorlayout:28.0.0] AndroidManifest.xml:20:5-44
MERGED from [com.android.support:coordinatorlayout:28.0.0] AndroidManifest.xml:20:5-44
MERGED from [com.android.support:drawerlayout:28.0.0] AndroidManifest.xml:20:5-44
MERGED from [com.android.support:drawerlayout:28.0.0] AndroidManifest.xml:20:5-44
MERGED from [com.android.support:slidingpanelayout:28.0.0] AndroidManifest.xml:20:5-44
MERGED from [com.android.support:slidingpanelayout:28.0.0] AndroidManifest.xml:20:5-44
MERGED from [com.android.support:customview:28.0.0] AndroidManifest.xml:20:5-44
MERGED from [com.android.support:customview:28.0.0] AndroidManifest.xml:20:5-44
MERGED from [com.android.support:swiperefreshlayout:28.0.0] AndroidManifest.xml:20:5-44
MERGED from [com.android.support:swiperefreshlayout:28.0.0] AndroidManifest.xml:20:5-44
MERGED from [com.android.support:asynclayoutinflater:28.0.0] AndroidManifest.xml:20:5-44
MERGED from [com.android.support:asynclayoutinflater:28.0.0] AndroidManifest.xml:20:5-44
MERGED from [com.android.support:support-compat:28.0.0] AndroidManifest.xml:20:5-44
MERGED from [com.android.support:support-compat:28.0.0] AndroidManifest.xml:20:5-44
MERGED from [com.android.support:versionedparcelable:28.0.0] AndroidManifest.xml:20:5-44
MERGED from [com.android.support:versionedparcelable:28.0.0] AndroidManifest.xml:20:5-44
MERGED from [com.android.support:cursoradapter:28.0.0] AndroidManifest.xml:20:5-44
MERGED from [com.android.support:cursoradapter:28.0.0] AndroidManifest.xml:20:5-44
MERGED from [android.arch.lifecycle:runtime:1.1.1] AndroidManifest.xml:20:5-44
MERGED from [android.arch.lifecycle:runtime:1.1.1] AndroidManifest.xml:20:5-44
MERGED from [com.android.support:documentfile:28.0.0] AndroidManifest.xml:20:5-44
MERGED from [com.android.support:documentfile:28.0.0] AndroidManifest.xml:20:5-44
MERGED from [com.android.support:localbroadcastmanager:28.0.0] AndroidManifest.xml:20:5-44
MERGED from [com.android.support:localbroadcastmanager:28.0.0] AndroidManifest.xml:20:5-44
MERGED from [com.android.support:print:28.0.0] AndroidManifest.xml:20:5-44
MERGED from [com.android.support:print:28.0.0] AndroidManifest.xml:20:5-44
MERGED from [android.arch.lifecycle:viewmodel:1.1.1] AndroidManifest.xml:20:5-44
MERGED from [android.arch.lifecycle:viewmodel:1.1.1] AndroidManifest.xml:20:5-44
MERGED from [com.android.support:interpolator:28.0.0] AndroidManifest.xml:20:5-44
MERGED from [com.android.support:interpolator:28.0.0] AndroidManifest.xml:20:5-44
MERGED from [android.arch.lifecycle:livedata:1.1.1] AndroidManifest.xml:20:5-44
MERGED from [android.arch.lifecycle:livedata:1.1.1] AndroidManifest.xml:20:5-44
MERGED from [android.arch.lifecycle:livedata-core:1.1.1] AndroidManifest.xml:20:5-44
MERGED from [android.arch.lifecycle:livedata-core:1.1.1] AndroidManifest.xml:20:5-44
MERGED from [android.arch.core:runtime:1.1.1] AndroidManifest.xml:20:5-44
MERGED from [android.arch.core:runtime:1.1.1] AndroidManifest.xml:20:5-44
INJECTED from src\main\AndroidManifest.xml
INJECTED from src\main\AndroidManifest.xml
	android:targetSdkVersion
		INJECTED from src\main\AndroidManifest.xml
		ADDED from src\main\AndroidManifest.xml
		INJECTED from src\main\AndroidManifest.xml
	android:minSdkVersion
		INJECTED from src\main\AndroidManifest.xml
		ADDED from src\main\AndroidManifest.xml
		INJECTED from src\main\AndroidManifest.xml